Plugins:
Bundled analyzers:
  - JaCoCo 1.3.0.1538 (jacoco)
  - IaC Code Quality and Security 1.50.0.16452 (iac)
  - Text Code Quality and Security 2.30.0.8328 (text)
  - Clean as You Code 2.4.0.2018 (cayc)
Global server settings:
  - sonar.azureresourcemanager.file.suffixes=.bicep
  - sonar.core.id=147B411E-AZnvbAujJKje8eFWDTdl
  - sonar.core.startTime=2025-10-16T23:47:36+0000
  - sonar.cs.file.suffixes=.cs,.razor
  - sonar.css.file.suffixes=.css,.less,.scss,.sass
  - sonar.docker.file.patterns=Dockerfile,*.dockerfile
  - sonar.flex.file.suffixes=as
  - sonar.forceAuthentication=true
  - sonar.go.file.suffixes=.go
  - sonar.html.file.suffixes=.html,.xhtml,.cshtml,.vbhtml,.aspx,.ascx,.rhtml,.erb,.shtm,.shtml,.cmp,.twig
  - sonar.ipynb.file.suffixes=ipynb
  - sonar.java.file.suffixes=.java,.jav
  - sonar.java.jvmframeworkconfig.file.patterns=**/src/main/resources/**/*app*.properties,**/src/main/resources/**/*app*.yaml,**/src/main/resources/**/*app*.yml
  - sonar.javascript.file.suffixes=.js,.jsx,.cjs,.mjs,.vue
  - sonar.json.file.suffixes=.json
  - sonar.jsp.file.suffixes=.jsp,.jspf,.jspx
  - sonar.kotlin.file.suffixes=.kt,.kts
  - sonar.multi-quality-mode.enabled=true
  - sonar.php.file.suffixes=php,php3,php4,php5,phtml,inc
  - sonar.python.file.suffixes=py
  - sonar.qualityProfiles.allowDisableInheritedRules=true
  - sonar.ruby.file.suffixes=.rb
  - sonar.rust.file.suffixes=.rs
  - sonar.scala.file.suffixes=.scala
  - sonar.terraform.file.suffixes=.tf
  - sonar.typescript.file.suffixes=.ts,.tsx,.cts,.mts
  - sonar.vbnet.file.suffixes=.vb
  - sonar.xml.file.suffixes=.xml,.xsd,.xsl,.config
  - sonar.yaml.file.suffixes=.yaml,.yml
Project server settings:
Project scanner properties:
  - sonar.exclusions=**/node_modules/**,**/*.d.ts,backend/__tests__/**
  - sonar.host.url=http://localhost:9000
  - sonar.javascript.lcov.reportPaths=backend/coverage/lcov.info,frontend/coverage/lcov.info
  - sonar.language=js
  - sonar.projectBaseDir=C:\gestion_parc_info
  - sonar.projectKey=gestion_parc_info
  - sonar.projectName=Gestion Parc Info
  - sonar.projectVersion=1.0
  - sonar.scanner.apiBaseUrl=http://localhost:9000/api/v2
  - sonar.scanner.app=ScannerNpm
  - sonar.scanner.appVersion=4.3.2
  - sonar.scanner.arch=x64
  - sonar.scanner.bootstrapStartTime=1760662237203
  - sonar.scanner.internal.isSonarCloud=false
  - sonar.scanner.os=win32
  - sonar.scanner.wasEngineCacheHit=true
  - sonar.scanner.wasJreCacheHit=hit
  - sonar.sources=backend,frontend/src
  - sonar.tests=backend/__tests__,cypress/e2e
  - sonar.token=******
  - sonar.userHome=C:\Users\Emna Mansour\.sonar
  - sonar.verbose=true
  - sonar.working.directory=.scannerwork
